<?xml version="1.0" encoding="UTF-8"?>
<testsuite name="hellowhs.servletwhs.domain.member.MemberRepositoryTest" tests="2" skipped="0" failures="0" errors="0" timestamp="2023-07-26T02:55:32" hostname="wonhuiui-MacBookPro.local" time="0.032">
  <properties/>
  <testcase name="findAll()" classname="hellowhs.servletwhs.domain.member.MemberRepositoryTest" time="0.03"/>
  <testcase name="save()" classname="hellowhs.servletwhs.domain.member.MemberRepositoryTest" time="0.001"/>
  <system-out><![CDATA[]]></system-out>
  <system-err><![CDATA[]]></system-err>
</testsuite>
