<?xml version="1.0" encoding="UTF-8"?>
<testsuite name="hellowhs.servletwhs.domain.member.MemberRepositoryTest" tests="2" skipped="0" failures="0" errors="0" timestamp="2023-07-26T03:01:43" hostname="wonhuiui-MacBookPro.local" time="0.035">
  <properties/>
  <testcase name="findAll()" classname="hellowhs.servletwhs.domain.member.MemberRepositoryTest" time="0.034"/>
  <testcase name="save()" classname="hellowhs.servletwhs.domain.member.MemberRepositoryTest" time="0.0"/>
  <system-out><![CDATA[]]></system-out>
  <system-err><![CDATA[]]></system-err>
</testsuite>
